Arguments: 
  C:\Program Files\nodejs\node.exe C:\Users\zhang\AppData\Roaming\npm\node_modules\yarn\bin\yarn.js

PATH: 
  D:\Program Files\Git\mingw64\bin;D:\Program Files\Git\usr\bin;C:\Users\zhang\bin;D:\Program Files (x86)\NetSarang\Xshell 6;D:\Program Files (x86)\NetSarang\Xftp 6;C:\Windows\system32;C:\Windows;C:\Windows\System32\Wbem;C:\Windows\System32\WindowsPowerShell\v1.0;C:\Windows\System32\OpenSSH;C:\Program Files\NVIDIA Corporation\NVIDIA NvDLISR;C:\Program Files (x86)\NVIDIA Corporation\PhysX\Common;D:\Program Files\aria2-1.35.0;C:\ProgramData\chocolatey\bin;C:\Program Files\nodejs;D:\Program Files (x86)\GnuPG\bin;C:\Program Files\Java\jdk1.8.0_211\bin;C:\Program Files\Mono\bin;C:\Program Files (x86)\Windows Kits\10\bin\10.0.18362.0\x64;D:\Qt\5.14.2\msvc2017_64\bin;D:\Program Files\ImageMagick;D:\Program Files\Git\cmd;D:\Program Files (x86)\GnuWin32\bin;C:\Program Files\Docker\Docker\resources\bin;C:\ProgramData\DockerDesktop\version-bin;D:\ProgramData\chocolatey\bin;C:\Users\zhang\AppData\Local\Programs\Python\Python38-32\Scripts;C:\Users\zhang\AppData\Local\Programs\Python\Python38-32;D:\Users\zhang\AppData\Local\Microsoft\WindowsApps;D:\Users\zhang\AppData\Local\Programs\Microsoft VS Code\bin;C:\Users\zhang\AppData\Roaming\npm;C:\Program Files (x86)\Nmap

Yarn version: 
  1.22.4

Node version: 
  14.1.0

Platform: 
  win32 x64

Trace: 
  Error: ENOENT: no such file or directory, lstat 'D:\Code\rwpjs\packages\core\node_modules\webpack\node_modules\rimraf'

npm manifest: 
  {
    "private": true,
    "scripts": {
      "start": "rwp --dev",
      "build": "rwp --build",
      "analyzer": "rwp --analyzer",
      "watch": "rwp --watch"
    },
    "dependencies": {
      "react": "latest",
      "react-dom": "latest",
      "@rwp/core": "link:../../core/",
      "@rwp/react-ui": "link:../../react-ui/",
      "@rwp/render-react": "link:.."
    }
  }

yarn manifest: 
  No manifest

Lockfile: 
  No lockfile
